// 重构日志: 56c92fb3
// 重构日志: 380001c9
// 重构日志: 173249fb
// 同步 ID: 0069c8b0 @ Thu Jul  2 21:04:39 UTC 2026
// 重构日志: 83c39c15
// 重构日志: bc4e88c4
// 同步 ID: 940f21e4 @ Sat Jul  4 05:45:50 UTC 2026
// 重构日志: 24e20662
// 重构日志: 76707c9a
// 重构日志: 5d84e1ee
// 重构日志: e1920af8
// 重构日志: 6b699715
// 重构日志: dcfb2479
// 重构日志: dbbbf759
// 重构日志: 1737fb55
// 同步 ID: 6d1ab010 @ Sat Jul 11 17:06:31 UTC 2026
// 重构日志: 9216e3f4
// 同步 ID: f662a099 @ Sun Jul 12 01:58:21 UTC 2026
// 同步 ID: e9b74bf9 @ Sun Jul 12 18:37:55 UTC 2026
// 重构日志: 9678fc39
// 同步 ID: 0269b043 @ Tue Jul 14 07:15:57 UTC 2026
// 重构日志: 36b51b4e
// 重构日志: da4773bd
// 重构日志: 1e671e15
// 重构日志: 66ddc3df
// 重构日志: 0a5235e5
// 重构日志: 63b689d6
// 重构日志: 8a3f3680
// 重构日志: a138815c
// 同步 ID: ecb1d3ce @ Thu Jul 16 08:02:35 UTC 2026
